行 295: 控件 DataGrid1 的类 MSDataGridLib.DataGrid 不是一个已加载的控件类。
行 510: 控件 DTPickerExecutDate 的类 MSComCtl2.DTPicker 不是一个已加载的控件类。
行 301: 属性名 _ExtentX 在 DataGrid1 中是无效的。
行 302: 属性名 _ExtentY 在 DataGrid1 中是无效的。
行 303: 属性名 _Version 在 DataGrid1 中是无效的。
行 304: 属性名 AllowUpdate 在 DataGrid1 中是无效的。
行 305: 属性名 AllowArrows 在 DataGrid1 中是无效的。
行 306: 属性名 DefColWidth 在 DataGrid1 中是无效的。
行 308: 属性名 HeadLines 在 DataGrid1 中是无效的。
行 309: 属性名 RowHeight 在 DataGrid1 中是无效的。
行 310: 属性名 WrapCellPointer 在 DataGrid1 中是无效的。
行 311: 属性名 FormatLocked 在 DataGrid1 中是无效的。
行 320: 属性名 HeadFont 在 DataGrid1 中是无效的。
行 330: 属性名 ColumnCount 在 DataGrid1 中是无效的。
行 343: 属性名 Column00 在 DataGrid1 中是无效的。
行 356: 属性名 Column01 在 DataGrid1 中是无效的。
行 369: 属性名 Column02 在 DataGrid1 中是无效的。
行 382: 属性名 Column03 在 DataGrid1 中是无效的。
行 395: 属性名 Column04 在 DataGrid1 中是无效的。
行 408: 属性名 Column05 在 DataGrid1 中是无效的。
行 421: 属性名 Column06 在 DataGrid1 中是无效的。
行 434: 属性名 Column07 在 DataGrid1 中是无效的。
行 447: 属性名 Column08 在 DataGrid1 中是无效的。
行 460: 属性名 Column09 在 DataGrid1 中是无效的。
行 473: 属性名 Column10 在 DataGrid1 中是无效的。
行 474: 属性名 SplitCount 在 DataGrid1 中是无效的。
行 508: 属性名 Split0 在 DataGrid1 中是无效的。
行 516: 属性名 _ExtentX 在 DTPickerExecutDate 中是无效的。
行 517: 属性名 _ExtentY 在 DTPickerExecutDate 中是无效的。
行 518: 属性名 _Version 在 DTPickerExecutDate 中是无效的。
行 528: 属性名 Format 在 DTPickerExecutDate 中是无效的。
行 529: 属性名 CurrentDate 在 DTPickerExecutDate 中是无效的。
